<?xml version="1.0" encoding="UTF-8"?>
<testsuite name="ParkingLotTest" tests="1" skipped="0" failures="0" errors="0" timestamp="2020-07-21T13:18:50" hostname="saurabh3250" time="33.181">
  <properties/>
  <testcase name="givenVehicle_IfParkingLotIsAlreadyFull_ShouldHandleException" classname="ParkingLotTest" time="33.181"/>
  <system-out><![CDATA[]]></system-out>
  <system-err><![CDATA[]]></system-err>
</testsuite>
