<?xml version="1.0" encoding="UTF-8"?>
<testsuite name="ParkingLotTest" tests="1" skipped="0" failures="0" errors="0" timestamp="2020-07-23T03:51:13" hostname="saurabh3250" time="7.196">
  <properties/>
  <testcase name="givenVehicleDetails_IfVehicleIsNotParkedWhileCheckingForVehicleTiming_ShouldReturnHandleException" classname="ParkingLotTest" time="7.196"/>
  <system-out><![CDATA[]]></system-out>
  <system-err><![CDATA[]]></system-err>
</testsuite>
