<?xml version="1.0" encoding="UTF-8"?>
<testsuite name="ParkingLotTest" tests="1" skipped="0" failures="0" errors="0" timestamp="2020-07-25T06:28:52" hostname="saurabh3250" time="0.018">
  <properties/>
  <testcase name="givenVehicle_IfVehicleSizeIsLarge_ShouldParkInHighestSpace" classname="ParkingLotTest" time="0.018"/>
  <system-out><![CDATA[]]></system-out>
  <system-err><![CDATA[]]></system-err>
</testsuite>
