<?xml version="1.0" encoding="UTF-8"?>
<testsuite name="ParkingLotTest" tests="8" skipped="0" failures="0" errors="0" timestamp="2020-07-20T16:08:10" hostname="saurabh3250" time="0.019">
  <properties/>
  <testcase name="givenAVehicle_IfNotPresentAndWantToUnParke_ShouldHandleException" classname="ParkingLotTest" time="0.007"/>
  <testcase name="givenVehicle_IfAlreadyPresent_ShouldHandleException" classname="ParkingLotTest" time="0.002"/>
  <testcase name="givenVehicle_IfParkingLotIsFull_ShouldHandleException" classname="ParkingLotTest" time="0.002"/>
  <testcase name="givenVehicle_IfParkingLotIsFullInformToOwner_ShouldHandleException" classname="ParkingLotTest" time="0.0"/>
  <testcase name="givenVehicle_IfParkingLotNowAvailable_ShouldReturnFalse" classname="ParkingLotTest" time="0.0"/>
  <testcase name="givenVehicle_IfParkingLotIsFullInformToAirportSecurity_ShouldHandleException" classname="ParkingLotTest" time="0.0"/>
  <testcase name="givenAVehicle_IfParked_ShouldReturnTrue" classname="ParkingLotTest" time="0.0"/>
  <testcase name="givenAVehicle_IfUnParked_ShouldReturnTrue" classname="ParkingLotTest" time="0.0"/>
  <system-out><![CDATA[]]></system-out>
  <system-err><![CDATA[]]></system-err>
</testsuite>
