<?xml version="1.0" encoding="UTF-8"?>
<testsuite name="ParkingLotTest" tests="19" skipped="0" failures="0" errors="0" timestamp="2020-07-25T05:09:15" hostname="saurabh3250" time="0.052">
  <properties/>
  <testcase name="givenAVehicle_IfNotPresentAndWantToUnParke_ShouldHandleException" classname="ParkingLotTest" time="0.014"/>
  <testcase name="givenVehicle_IfVehicleDriverTypeIsHandicap_ShouldParkToNearestLot" classname="ParkingLotTest" time="0.001"/>
  <testcase name="givenVehicle_IfDriverTypeIsHandicap_ShouldParkToNearestLot" classname="ParkingLotTest" time="0.001"/>
  <testcase name="givenVehicle_IfAlreadyPresent_ShouldHandleException" classname="ParkingLotTest" time="0.0"/>
  <testcase name="givenVehicleDetails_IfVehicleIsNotParkedWhileCheckingForVehicleTiming_ShouldReturnHandleException" classname="ParkingLotTest" time="0.0"/>
  <testcase name="givenVehicle_IfVehicleSizeIsLarge_ShouldParkInHighestSpace" classname="ParkingLotTest" time="0.003"/>
  <testcase name="givenVehicleDetails_IfVehicleParked_ShouldParkEvenly" classname="ParkingLotTest" time="0.001"/>
  <testcase name="givenVehicle_CheckVehiclePresentOrNotIfParked_ShouldReturnParkingLotNumber" classname="ParkingLotTest" time="0.0"/>
  <testcase name="givenVehicle_IfSpaceIsAvailable_ShouldUpdateParkingLotNumberNoToOwner" classname="ParkingLotTest" time="0.001"/>
  <testcase name="givenVehicle_IfParkingLotIsFull_ShouldHandleException" classname="ParkingLotTest" time="0.001"/>
  <testcase name="givenVehicle_IfParkingLotIsFullInformToOwner_ShouldHandleException" classname="ParkingLotTest" time="0.001"/>
  <testcase name="givenVehicleDetails_IfVehicleAlreadyParked_ShouldHandleException" classname="ParkingLotTest" time="0.001"/>
  <testcase name="givenVehicleDetails_IfVehicleIsParkedAlready_ShouldReturnParkingTime" classname="ParkingLotTest" time="0.005"/>
  <testcase name="givenVehicle_IfParkingLotNowAvailable_ShouldReturnFalse" classname="ParkingLotTest" time="0.0"/>
  <testcase name="givenVehicle_AlreadyParkedAndWantsToAllocateLot_ShouldHandleException" classname="ParkingLotTest" time="0.001"/>
  <testcase name="givenAVehicle_IfUnParked_ShouldReturnFalse" classname="ParkingLotTest" time="0.006"/>
  <testcase name="givenVehicle_IfParkingLotIsFullInformToAirportSecurity_ShouldHandleException" classname="ParkingLotTest" time="0.0"/>
  <testcase name="givenAVehicle_IfParked_ShouldReturnTrue" classname="ParkingLotTest" time="0.001"/>
  <testcase name="givenVehicle_CheckVehiclePresentOrNotIfNotParked_ShouldHandleException" classname="ParkingLotTest" time="0.0"/>
  <system-out><![CDATA[]]></system-out>
  <system-err><![CDATA[]]></system-err>
</testsuite>
